<?xml version="1.0" encoding="UTF-8"?>
<!-- Generated by org.testng.reporters.JUnitXMLReporter -->
<testsuite hostname="ROSYs-MacBook-Air.local" ignored="6" name="SmokeTest" tests="2" failures="0" timestamp="15 Aug 2020 20:28:21 GMT" time="7.139" errors="0">
  <testcase name="test_shouldDisplayDefaultIngredient_whenNavigatedToShoppingListPage" time="0.352" classname="com.sanjayautomation.recipebook.testcases.TestShoppingListPage"/>
  <testcase name="test_shouldDisplayRecipesList_whenUserInLandingPage" time="0.281" classname="com.sanjayautomation.recipebook.testcases.TestRecipesPage"/>
  <testcase name="test_shouldAddNewIngredient_whenValidNameAndAmountEntered" time="0.0" classname="com.sanjayautomation.recipebook.testcases.TestShoppingListPage">
    <ignored/>
  </testcase> <!-- test_shouldAddNewIngredient_whenValidNameAndAmountEntered -->
  <testcase name="test_shouldDisableAddButton_WhenOnlyNameIsEngered" time="0.0" classname="com.sanjayautomation.recipebook.testcases.TestShoppingListPage">
    <ignored/>
  </testcase> <!-- test_shouldDisableAddButton_WhenOnlyNameIsEngered -->
  <testcase name="test_shouldAddNewRecipe_whenCorrectValuesEntered" time="0.0" classname="com.sanjayautomation.recipebook.testcases.TestRecipesPage">
    <ignored/>
  </testcase> <!-- test_shouldAddNewRecipe_whenCorrectValuesEntered -->
  <testcase name="test_shouldAddMultipleNewRecipes_whenCorrectValuesEnteredOneAfterAnother" time="0.0" classname="com.sanjayautomation.recipebook.testcases.TestRecipesPage">
    <ignored/>
  </testcase> <!-- test_shouldAddMultipleNewRecipes_whenCorrectValuesEnteredOneAfterAnother -->
  <testcase name="test_shouldDisableAddButton_WhenAmountIsNotNumber" time="0.0" classname="com.sanjayautomation.recipebook.testcases.TestShoppingListPage">
    <ignored/>
  </testcase> <!-- test_shouldDisableAddButton_WhenAmountIsNotNumber -->
  <testcase name="test_shouldDisplayText_whenUserInLandingPage" time="0.0" classname="com.sanjayautomation.recipebook.testcases.TestRecipesPage">
    <ignored/>
  </testcase> <!-- test_shouldDisplayText_whenUserInLandingPage -->
</testsuite> <!-- SmokeTest -->
