<?xml version="1.0" encoding="UTF-8"?>
<!-- Generated by org.testng.reporters.JUnitXMLReporter -->
<testsuite hostname="ROSYs-MacBook-Air.local" ignored="2" name="RegressionTest" tests="6" failures="0" timestamp="15 Aug 2020 20:38:15 GMT" time="20.477" errors="0">
  <testcase name="test_shouldDisplayRecipesList_whenUserInLandingPage" time="0.29" classname="com.sanjayautomation.recipebook.testcases.TestRecipesPage"/>
  <testcase name="test_shouldDisplayText_whenUserInLandingPage" time="0.05" classname="com.sanjayautomation.recipebook.testcases.TestRecipesPage"/>
  <testcase name="test_shouldAddNewIngredient_whenValidNameAndAmountEntered" time="0.547" classname="com.sanjayautomation.recipebook.testcases.TestShoppingListPage"/>
  <testcase name="test_shouldAddNewRecipe_whenCorrectValuesEntered" time="0.984" classname="com.sanjayautomation.recipebook.testcases.TestRecipesPage"/>
  <testcase name="test_shouldDisableAddButton_WhenOnlyNameIsEngered" time="0.297" classname="com.sanjayautomation.recipebook.testcases.TestShoppingListPage"/>
  <testcase name="test_shouldDisableAddButton_WhenAmountIsNotNumber" time="0.35" classname="com.sanjayautomation.recipebook.testcases.TestShoppingListPage"/>
  <testcase name="test_shouldDisplayDefaultIngredient_whenNavigatedToShoppingListPage" time="0.0" classname="com.sanjayautomation.recipebook.testcases.TestShoppingListPage">
    <ignored/>
  </testcase> <!-- test_shouldDisplayDefaultIngredient_whenNavigatedToShoppingListPage -->
  <testcase name="test_shouldAddMultipleNewRecipes_whenCorrectValuesEnteredOneAfterAnother" time="0.0" classname="com.sanjayautomation.recipebook.testcases.TestRecipesPage">
    <ignored/>
  </testcase> <!-- test_shouldAddMultipleNewRecipes_whenCorrectValuesEnteredOneAfterAnother -->
</testsuite> <!-- RegressionTest -->
