<?xml version="1.0" encoding="UTF-8"?>
<!-- Generated by org.testng.reporters.JUnitXMLReporter -->
<testsuite hostname="ROSYs-MacBook-Air.local" ignored="0" name="Test_RecipesPage_And_ShoppingListpage" tests="9" failures="0" timestamp="15 Aug 2020 09:23:13 GMT" time="41.143" errors="0">
  <testcase name="test_shouldAddNewIngredient_whenValidNameAndAmountEntered" time="0.565" classname="com.sanjayautomation.recipebook.testcases.TestShoppingListPage"/>
  <testcase name="test_shouldDisplayText_whenUserInLandingPage" time="0.064" classname="com.sanjayautomation.recipebook.testcases.TestRecipesPage"/>
  <testcase name="test_shouldDisableAddButton_WhenOnlyNameIsEngered" time="0.54" classname="com.sanjayautomation.recipebook.testcases.TestShoppingListPage"/>
  <testcase name="test_shouldDisplayRecipesList_whenUserInLandingPage" time="0.257" classname="com.sanjayautomation.recipebook.testcases.TestRecipesPage"/>
  <testcase name="test_shouldDisableAddButton_WhenAmountIsNotNumber" time="0.447" classname="com.sanjayautomation.recipebook.testcases.TestShoppingListPage"/>
  <testcase name="test_shouldAddNewRecipe_whenCorrectValuesEntered" time="1.002" classname="com.sanjayautomation.recipebook.testcases.TestRecipesPage"/>
  <testcase name="test_shouldAddMultipleNewRecipes_whenCorrectValuesEnteredOneAfterAnother" time="1.06" classname="com.sanjayautomation.recipebook.testcases.TestRecipesPage"/>
  <testcase name="test_shouldAddMultipleNewRecipes_whenCorrectValuesEnteredOneAfterAnother" time="3.871" classname="com.sanjayautomation.recipebook.testcases.TestRecipesPage"/>
  <testcase name="test_shouldAddMultipleNewRecipes_whenCorrectValuesEnteredOneAfterAnother" time="0.993" classname="com.sanjayautomation.recipebook.testcases.TestRecipesPage"/>
</testsuite> <!-- Test_RecipesPage_And_ShoppingListpage -->
