<?xml version="1.0" encoding="UTF-8"?>
<!-- Generated by org.testng.reporters.JUnitXMLReporter -->
<testsuite hostname="ROSYs-MacBook-Air.local" ignored="1" name="Test_RecipesPage_And_ShoppingListpage" tests="6" failures="0" timestamp="15 Aug 2020 19:18:57 GMT" time="18.261" errors="0">
  <testcase name="test_shouldAddNewIngredient_whenValidNameAndAmountEntered" time="0.49" classname="com.sanjayautomation.recipebook.testcases.TestShoppingListPage"/>
  <testcase name="test_shouldDisplayRecipesList_whenUserInLandingPage" time="0.301" classname="com.sanjayautomation.recipebook.testcases.TestRecipesPage"/>
  <testcase name="test_shouldDisableAddButton_WhenOnlyNameIsEngered" time="0.309" classname="com.sanjayautomation.recipebook.testcases.TestShoppingListPage"/>
  <testcase name="test_shouldDisplayText_whenUserInLandingPage" time="0.046" classname="com.sanjayautomation.recipebook.testcases.TestRecipesPage"/>
  <testcase name="test_shouldDisableAddButton_WhenAmountIsNotNumber" time="0.339" classname="com.sanjayautomation.recipebook.testcases.TestShoppingListPage"/>
  <testcase name="test_shouldAddNewRecipe_whenCorrectValuesEntered" time="0.876" classname="com.sanjayautomation.recipebook.testcases.TestRecipesPage"/>
  <testcase name="test_shouldAddMultipleNewRecipes_whenCorrectValuesEnteredOneAfterAnother" time="0.0" classname="com.sanjayautomation.recipebook.testcases.TestRecipesPage">
    <ignored/>
  </testcase> <!-- test_shouldAddMultipleNewRecipes_whenCorrectValuesEnteredOneAfterAnother -->
</testsuite> <!-- Test_RecipesPage_And_ShoppingListpage -->
