<?xml version="1.0" encoding="UTF-8"?>
<!-- Generated by org.testng.reporters.JUnitXMLReporter -->
<testsuite hostname="ROSYs-MacBook-Air.local" ignored="3" name="RegressionTest_dataDrivn" tests="3" failures="0" timestamp="15 Aug 2020 20:29:04 GMT" time="6.922" errors="0">
  <testcase name="test_shouldAddMultipleNewRecipes_whenCorrectValuesEnteredOneAfterAnother" time="1.023" classname="com.sanjayautomation.recipebook.testcases.TestRecipesPage"/>
  <testcase name="test_shouldAddMultipleNewRecipes_whenCorrectValuesEnteredOneAfterAnother" time="0.751" classname="com.sanjayautomation.recipebook.testcases.TestRecipesPage"/>
  <testcase name="test_shouldAddMultipleNewRecipes_whenCorrectValuesEnteredOneAfterAnother" time="0.715" classname="com.sanjayautomation.recipebook.testcases.TestRecipesPage"/>
  <testcase name="test_shouldDisplayRecipesList_whenUserInLandingPage" time="0.0" classname="com.sanjayautomation.recipebook.testcases.TestRecipesPage">
    <ignored/>
  </testcase> <!-- test_shouldDisplayRecipesList_whenUserInLandingPage -->
  <testcase name="test_shouldAddNewRecipe_whenCorrectValuesEntered" time="0.0" classname="com.sanjayautomation.recipebook.testcases.TestRecipesPage">
    <ignored/>
  </testcase> <!-- test_shouldAddNewRecipe_whenCorrectValuesEntered -->
  <testcase name="test_shouldDisplayText_whenUserInLandingPage" time="0.0" classname="com.sanjayautomation.recipebook.testcases.TestRecipesPage">
    <ignored/>
  </testcase> <!-- test_shouldDisplayText_whenUserInLandingPage -->
</testsuite> <!-- RegressionTest_dataDrivn -->
